<?xml version="1.0" encoding="UTF-8"?>
<!-- Generated by org.testng.reporters.JUnitReportReporter -->
<testsuite hostname="HDITSURF11-SS" failures="0" tests="1" name="TestExi.TestExigo" time="5.098" errors="0" timestamp="2021-08-09T18:50:15 IST" skipped="0">
  <testcase classname="TestExi.TestExigo" name="gettitle" time="5.098"/>
  <system-out/>
</testsuite> <!-- TestExi.TestExigo -->
